<?xml version="1.0" encoding="UTF-8"?>
<coverage generated="1617671447403" clover="3.2.0">
  <project timestamp="1617671447403" name="All files">
    <metrics statements="152" coveredstatements="113" conditionals="42" coveredconditionals="23" methods="62" coveredmethods="36" elements="256" coveredelements="172" complexity="0" loc="152" ncloc="152" packages="5" files="25" classes="25"/>
    <package name="actions">
      <metrics statements="70" coveredstatements="56" conditionals="6" coveredconditionals="3" methods="38" coveredmethods="20"/>
      <file name="DetailsActions.js" path="/Users/jpalacio0612/Desktop/desarrollo/movy/movy-native/src/actions/DetailsActions.js">
        <metrics statements="10" coveredstatements="8" conditionals="0" coveredconditionals="0" methods="5" coveredmethods="3"/>
        <line num="3" count="2" type="stmt"/>
        <line num="11" count="2" type="stmt"/>
        <line num="16" count="2" type="stmt"/>
        <line num="21" count="2" type="stmt"/>
        <line num="26" count="2" type="stmt"/>
        <line num="27" count="1" type="stmt"/>
        <line num="28" count="1" type="stmt"/>
        <line num="29" count="1" type="stmt"/>
        <line num="30" count="0" type="stmt"/>
        <line num="32" count="0" type="stmt"/>
      </file>
      <file name="FeaturedActions.js" path="/Users/jpalacio0612/Desktop/desarrollo/movy/movy-native/src/actions/FeaturedActions.js">
        <metrics statements="13" coveredstatements="10" conditionals="4" coveredconditionals="3" methods="5" coveredmethods="3"/>
        <line num="3" count="2" type="stmt"/>
        <line num="11" count="2" type="stmt"/>
        <line num="16" count="2" type="stmt"/>
        <line num="21" count="2" type="stmt"/>
        <line num="26" count="2" type="stmt"/>
        <line num="29" count="1" type="stmt"/>
        <line num="31" count="1" type="cond" truecount="3" falsecount="1"/>
        <line num="32" count="0" type="stmt"/>
        <line num="35" count="1" type="stmt"/>
        <line num="36" count="1" type="stmt"/>
        <line num="37" count="1" type="stmt"/>
        <line num="38" count="0" type="stmt"/>
        <line num="40" count="0" type="stmt"/>
      </file>
      <file name="GlobalActions.js" path="/Users/jpalacio0612/Desktop/desarrollo/movy/movy-native/src/actions/GlobalActions.js">
        <metrics statements="2" coveredstatements="2" conditionals="0" coveredconditionals="0" methods="1" coveredmethods="1"/>
        <line num="1" count="1" type="stmt"/>
        <line num="5" count="1" type="stmt"/>
      </file>
      <file name="SearchActions.js" path="/Users/jpalacio0612/Desktop/desarrollo/movy/movy-native/src/actions/SearchActions.js">
        <metrics statements="14" coveredstatements="10" conditionals="2" coveredconditionals="0" methods="8" coveredmethods="3"/>
        <line num="3" count="2" type="stmt"/>
        <line num="11" count="2" type="stmt"/>
        <line num="16" count="2" type="stmt"/>
        <line num="21" count="2" type="stmt"/>
        <line num="26" count="2" type="stmt"/>
        <line num="31" count="2" type="stmt"/>
        <line num="33" count="2" type="stmt"/>
        <line num="34" count="1" type="stmt"/>
        <line num="35" count="1" type="stmt"/>
        <line num="36" count="1" type="stmt"/>
        <line num="37" count="0" type="cond" truecount="0" falsecount="2"/>
        <line num="38" count="0" type="stmt"/>
        <line num="40" count="0" type="stmt"/>
        <line num="42" count="0" type="stmt"/>
      </file>
      <file name="TrendingActions.js" path="/Users/jpalacio0612/Desktop/desarrollo/movy/movy-native/src/actions/TrendingActions.js">
        <metrics statements="10" coveredstatements="8" conditionals="0" coveredconditionals="0" methods="5" coveredmethods="3"/>
        <line num="3" count="2" type="stmt"/>
        <line num="11" count="2" type="stmt"/>
        <line num="16" count="2" type="stmt"/>
        <line num="21" count="2" type="stmt"/>
        <line num="26" count="2" type="stmt"/>
        <line num="27" count="1" type="stmt"/>
        <line num="28" count="1" type="stmt"/>
        <line num="29" count="1" type="stmt"/>
        <line num="30" count="0" type="stmt"/>
        <line num="32" count="0" type="stmt"/>
      </file>
      <file name="UserActions.js" path="/Users/jpalacio0612/Desktop/desarrollo/movy/movy-native/src/actions/UserActions.js">
        <metrics statements="21" coveredstatements="18" conditionals="0" coveredconditionals="0" methods="14" coveredmethods="7"/>
        <line num="3" count="2" type="stmt"/>
        <line num="13" count="2" type="stmt"/>
        <line num="18" count="2" type="stmt"/>
        <line num="23" count="2" type="stmt"/>
        <line num="28" count="2" type="stmt"/>
        <line num="33" count="2" type="stmt"/>
        <line num="38" count="2" type="stmt"/>
        <line num="43" count="2" type="stmt"/>
        <line num="44" count="1" type="stmt"/>
        <line num="45" count="1" type="stmt"/>
        <line num="46" count="1" type="stmt"/>
        <line num="47" count="1" type="stmt"/>
        <line num="49" count="0" type="stmt"/>
        <line num="53" count="2" type="stmt"/>
        <line num="54" count="1" type="stmt"/>
        <line num="55" count="1" type="stmt"/>
        <line num="57" count="1" type="stmt"/>
        <line num="61" count="2" type="stmt"/>
        <line num="62" count="0" type="stmt"/>
        <line num="65" count="2" type="stmt"/>
        <line num="66" count="0" type="stmt"/>
      </file>
    </package>
    <package name="constants">
      <metrics statements="3" coveredstatements="3" conditionals="0" coveredconditionals="0" methods="0" coveredmethods="0"/>
      <file name="index.js" path="/Users/jpalacio0612/Desktop/desarrollo/movy/movy-native/src/constants/index.js">
        <metrics statements="0" coveredstatements="0" conditionals="0" coveredconditionals="0" methods="0" coveredmethods="0"/>
      </file>
      <file name="movies.js" path="/Users/jpalacio0612/Desktop/desarrollo/movy/movy-native/src/constants/movies.js">
        <metrics statements="1" coveredstatements="1" conditionals="0" coveredconditionals="0" methods="0" coveredmethods="0"/>
        <line num="1" count="2" type="stmt"/>
      </file>
      <file name="navigation.js" path="/Users/jpalacio0612/Desktop/desarrollo/movy/movy-native/src/constants/navigation.js">
        <metrics statements="1" coveredstatements="1" conditionals="0" coveredconditionals="0" methods="0" coveredmethods="0"/>
        <line num="1" count="2" type="stmt"/>
      </file>
      <file name="status.js" path="/Users/jpalacio0612/Desktop/desarrollo/movy/movy-native/src/constants/status.js">
        <metrics statements="1" coveredstatements="1" conditionals="0" coveredconditionals="0" methods="0" coveredmethods="0"/>
        <line num="1" count="2" type="stmt"/>
      </file>
    </package>
    <package name="controllers">
      <metrics statements="42" coveredstatements="20" conditionals="10" coveredconditionals="3" methods="16" coveredmethods="9"/>
      <file name="DetailsController.js" path="/Users/jpalacio0612/Desktop/desarrollo/movy/movy-native/src/controllers/DetailsController.js">
        <metrics statements="5" coveredstatements="2" conditionals="2" coveredconditionals="0" methods="2" coveredmethods="1"/>
        <line num="6" count="1" type="stmt"/>
        <line num="16" count="1" type="stmt"/>
        <line num="20" count="0" type="stmt"/>
        <line num="26" count="0" type="cond" truecount="0" falsecount="2"/>
        <line num="33" count="0" type="stmt"/>
      </file>
      <file name="FeaturedController.js" path="/Users/jpalacio0612/Desktop/desarrollo/movy/movy-native/src/controllers/FeaturedController.js">
        <metrics statements="8" coveredstatements="2" conditionals="0" coveredconditionals="0" methods="3" coveredmethods="1"/>
        <line num="6" count="1" type="stmt"/>
        <line num="9" count="1" type="stmt"/>
        <line num="13" count="0" type="stmt"/>
        <line num="14" count="0" type="stmt"/>
        <line num="16" count="0" type="stmt"/>
        <line num="18" count="0" type="stmt"/>
        <line num="23" count="0" type="stmt"/>
        <line num="27" count="0" type="stmt"/>
      </file>
      <file name="HttpClient.js" path="/Users/jpalacio0612/Desktop/desarrollo/movy/movy-native/src/controllers/HttpClient.js">
        <metrics statements="14" coveredstatements="6" conditionals="4" coveredconditionals="0" methods="4" coveredmethods="0"/>
        <line num="6" count="10" type="stmt"/>
        <line num="8" count="10" type="stmt"/>
        <line num="19" count="10" type="stmt"/>
        <line num="20" count="0" type="stmt"/>
        <line num="22" count="0" type="cond" truecount="0" falsecount="2"/>
        <line num="23" count="0" type="stmt"/>
        <line num="24" count="0" type="cond" truecount="0" falsecount="2"/>
        <line num="25" count="0" type="stmt"/>
        <line num="27" count="0" type="stmt"/>
        <line num="32" count="10" type="stmt"/>
        <line num="33" count="0" type="stmt"/>
        <line num="36" count="10" type="stmt"/>
        <line num="37" count="0" type="stmt"/>
        <line num="40" count="10" type="stmt"/>
      </file>
      <file name="SearchController.js" path="/Users/jpalacio0612/Desktop/desarrollo/movy/movy-native/src/controllers/SearchController.js">
        <metrics statements="4" coveredstatements="2" conditionals="0" coveredconditionals="0" methods="1" coveredmethods="1"/>
        <line num="6" count="1" type="stmt"/>
        <line num="11" count="1" type="stmt"/>
        <line num="15" count="0" type="stmt"/>
        <line num="17" count="0" type="stmt"/>
      </file>
      <file name="TrendingController.js" path="/Users/jpalacio0612/Desktop/desarrollo/movy/movy-native/src/controllers/TrendingController.js">
        <metrics statements="4" coveredstatements="2" conditionals="0" coveredconditionals="0" methods="1" coveredmethods="1"/>
        <line num="6" count="1" type="stmt"/>
        <line num="7" count="1" type="stmt"/>
        <line num="11" count="0" type="stmt"/>
        <line num="13" count="0" type="stmt"/>
      </file>
      <file name="UserController.js" path="/Users/jpalacio0612/Desktop/desarrollo/movy/movy-native/src/controllers/UserController.js">
        <metrics statements="7" coveredstatements="6" conditionals="4" coveredconditionals="3" methods="5" coveredmethods="5"/>
        <line num="5" count="1" type="stmt"/>
        <line num="6" count="1" type="stmt"/>
        <line num="7" count="1" type="cond" truecount="3" falsecount="1"/>
        <line num="8" count="1" type="stmt"/>
        <line num="10" count="0" type="stmt"/>
        <line num="17" count="1" type="stmt"/>
        <line num="18" count="1" type="stmt"/>
      </file>
      <file name="index.js" path="/Users/jpalacio0612/Desktop/desarrollo/movy/movy-native/src/controllers/index.js">
        <metrics statements="0" coveredstatements="0" conditionals="0" coveredconditionals="0" methods="0" coveredmethods="0"/>
      </file>
    </package>
    <package name="localization">
      <metrics statements="2" coveredstatements="2" conditionals="0" coveredconditionals="0" methods="0" coveredmethods="0"/>
      <file name="Localization.js" path="/Users/jpalacio0612/Desktop/desarrollo/movy/movy-native/src/localization/Localization.js">
        <metrics statements="1" coveredstatements="1" conditionals="0" coveredconditionals="0" methods="0" coveredmethods="0"/>
        <line num="4" count="10" type="stmt"/>
      </file>
      <file name="en.js" path="/Users/jpalacio0612/Desktop/desarrollo/movy/movy-native/src/localization/en.js">
        <metrics statements="1" coveredstatements="1" conditionals="0" coveredconditionals="0" methods="0" coveredmethods="0"/>
        <line num="1" count="10" type="stmt"/>
      </file>
      <file name="index.js" path="/Users/jpalacio0612/Desktop/desarrollo/movy/movy-native/src/localization/index.js">
        <metrics statements="0" coveredstatements="0" conditionals="0" coveredconditionals="0" methods="0" coveredmethods="0"/>
      </file>
    </package>
    <package name="reducers">
      <metrics statements="35" coveredstatements="32" conditionals="26" coveredconditionals="17" methods="8" coveredmethods="7"/>
      <file name="DetailsReducer.js" path="/Users/jpalacio0612/Desktop/desarrollo/movy/movy-native/src/reducers/DetailsReducer.js">
        <metrics statements="6" coveredstatements="6" conditionals="4" coveredconditionals="3" methods="1" coveredmethods="1"/>
        <line num="3" count="1" type="stmt"/>
        <line num="14" count="1" type="cond" truecount="0" falsecount="1"/>
        <line num="15" count="5" type="cond" truecount="3" falsecount="0"/>
        <line num="17" count="1" type="stmt"/>
        <line num="29" count="1" type="stmt"/>
        <line num="31" count="3" type="stmt"/>
      </file>
      <file name="FeaturedReducer.js" path="/Users/jpalacio0612/Desktop/desarrollo/movy/movy-native/src/reducers/FeaturedReducer.js">
        <metrics statements="6" coveredstatements="5" conditionals="4" coveredconditionals="2" methods="1" coveredmethods="1"/>
        <line num="3" count="1" type="stmt"/>
        <line num="10" count="1" type="cond" truecount="0" falsecount="1"/>
        <line num="11" count="4" type="cond" truecount="2" falsecount="1"/>
        <line num="13" count="0" type="stmt"/>
        <line num="21" count="1" type="stmt"/>
        <line num="23" count="3" type="stmt"/>
      </file>
      <file name="SearchReducer.js" path="/Users/jpalacio0612/Desktop/desarrollo/movy/movy-native/src/reducers/SearchReducer.js">
        <metrics statements="6" coveredstatements="5" conditionals="4" coveredconditionals="2" methods="1" coveredmethods="1"/>
        <line num="3" count="1" type="stmt"/>
        <line num="9" count="1" type="cond" truecount="0" falsecount="1"/>
        <line num="10" count="5" type="cond" truecount="2" falsecount="1"/>
        <line num="12" count="1" type="stmt"/>
        <line num="19" count="0" type="stmt"/>
        <line num="21" count="4" type="stmt"/>
      </file>
      <file name="TrendingReducer.js" path="/Users/jpalacio0612/Desktop/desarrollo/movy/movy-native/src/reducers/TrendingReducer.js">
        <metrics statements="6" coveredstatements="6" conditionals="6" coveredconditionals="4" methods="2" coveredmethods="2"/>
        <line num="4" count="1" type="stmt"/>
        <line num="6" count="1" type="cond" truecount="0" falsecount="1"/>
        <line num="7" count="5" type="cond" truecount="3" falsecount="0"/>
        <line num="9" count="1" type="stmt"/>
        <line num="16" count="1" type="stmt"/>
        <line num="18" count="3" type="stmt"/>
      </file>
      <file name="UserReducer.js" path="/Users/jpalacio0612/Desktop/desarrollo/movy/movy-native/src/reducers/UserReducer.js">
        <metrics statements="11" coveredstatements="10" conditionals="8" coveredconditionals="6" methods="3" coveredmethods="2"/>
        <line num="4" count="1" type="stmt"/>
        <line num="6" count="1" type="cond" truecount="0" falsecount="1"/>
        <line num="7" count="7" type="cond" truecount="5" falsecount="0"/>
        <line num="9" count="1" type="stmt"/>
        <line num="11" count="1" type="cond" truecount="1" falsecount="1"/>
        <line num="12" count="0" type="stmt"/>
        <line num="14" count="1" type="stmt"/>
        <line num="26" count="1" type="stmt"/>
        <line num="28" count="1" type="stmt"/>
        <line num="31" count="1" type="stmt"/>
        <line num="33" count="3" type="stmt"/>
      </file>
    </package>
  </project>
</coverage>
