{"/Users/jpalacio0612/Desktop/desarrollo/movy/movy-native/src/actions/DetailsActions.js": {"path":"/Users/jpalacio0612/Desktop/desarrollo/movy/movy-native/src/actions/DetailsActions.js","statementMap":{"0":{"start":{"line":3,"column":21},"end":{"line":9,"column":1}},"1":{"start":{"line":11,"column":23},"end":{"line":14,"column":2}},"2":{"start":{"line":11,"column":30},"end":{"line":14,"column":1}},"3":{"start":{"line":16,"column":21},"end":{"line":19,"column":2}},"4":{"start":{"line":16,"column":31},"end":{"line":19,"column":1}},"5":{"start":{"line":21,"column":23},"end":{"line":24,"column":2}},"6":{"start":{"line":21,"column":35},"end":{"line":24,"column":1}},"7":{"start":{"line":26,"column":28},"end":{"line":34,"column":1}},"8":{"start":{"line":26,"column":39},"end":{"line":34,"column":1}},"9":{"start":{"line":27,"column":2},"end":{"line":27,"column":29}},"10":{"start":{"line":28,"column":2},"end":{"line":33,"column":3}},"11":{"start":{"line":29,"column":20},"end":{"line":29,"column":68}},"12":{"start":{"line":30,"column":4},"end":{"line":30,"column":45}},"13":{"start":{"line":32,"column":4},"end":{"line":32,"column":49}}},"fnMap":{"0":{"name":"(anonymous_0)","decl":{"start":{"line":11,"column":23},"end":{"line":11,"column":24}},"loc":{"start":{"line":11,"column":30},"end":{"line":14,"column":1}},"line":11},"1":{"name":"(anonymous_1)","decl":{"start":{"line":16,"column":21},"end":{"line":16,"column":22}},"loc":{"start":{"line":16,"column":31},"end":{"line":19,"column":1}},"line":16},"2":{"name":"(anonymous_2)","decl":{"start":{"line":21,"column":23},"end":{"line":21,"column":24}},"loc":{"start":{"line":21,"column":35},"end":{"line":24,"column":1}},"line":21},"3":{"name":"(anonymous_3)","decl":{"start":{"line":26,"column":28},"end":{"line":26,"column":29}},"loc":{"start":{"line":26,"column":39},"end":{"line":34,"column":1}},"line":26},"4":{"name":"(anonymous_4)","decl":{"start":{"line":26,"column":39},"end":{"line":26,"column":40}},"loc":{"start":{"line":26,"column":57},"end":{"line":34,"column":1}},"line":26}},"branchMap":{},"s":{"0":2,"1":2,"2":1,"3":2,"4":0,"5":2,"6":0,"7":2,"8":1,"9":1,"10":1,"11":1,"12":0,"13":0},"f":{"0":1,"1":0,"2":0,"3":1,"4":1},"b":{},"_coverageSchema":"1a1c01bbd47fc00a2c39e90264f33305004495a9","hash":"bb167845ac0198834cea92b329ec8fc7c72c3a67"}
,"/Users/jpalacio0612/Desktop/desarrollo/movy/movy-native/src/actions/FeaturedActions.js": {"path":"/Users/jpalacio0612/Desktop/desarrollo/movy/movy-native/src/actions/FeaturedActions.js","statementMap":{"0":{"start":{"line":3,"column":21},"end":{"line":9,"column":1}},"1":{"start":{"line":11,"column":24},"end":{"line":14,"column":2}},"2":{"start":{"line":11,"column":31},"end":{"line":14,"column":1}},"3":{"start":{"line":16,"column":22},"end":{"line":19,"column":2}},"4":{"start":{"line":16,"column":32},"end":{"line":19,"column":1}},"5":{"start":{"line":21,"column":24},"end":{"line":24,"column":2}},"6":{"start":{"line":21,"column":37},"end":{"line":24,"column":1}},"7":{"start":{"line":26,"column":29},"end":{"line":42,"column":1}},"8":{"start":{"line":26,"column":35},"end":{"line":42,"column":1}},"9":{"start":{"line":29,"column":6},"end":{"line":29,"column":16}},"10":{"start":{"line":31,"column":2},"end":{"line":33,"column":3}},"11":{"start":{"line":32,"column":4},"end":{"line":32,"column":11}},"12":{"start":{"line":35,"column":2},"end":{"line":35,"column":30}},"13":{"start":{"line":36,"column":2},"end":{"line":41,"column":3}},"14":{"start":{"line":37,"column":21},"end":{"line":37,"column":64}},"15":{"start":{"line":38,"column":4},"end":{"line":38,"column":40}},"16":{"start":{"line":40,"column":4},"end":{"line":40,"column":43}}},"fnMap":{"0":{"name":"(anonymous_0)","decl":{"start":{"line":11,"column":24},"end":{"line":11,"column":25}},"loc":{"start":{"line":11,"column":31},"end":{"line":14,"column":1}},"line":11},"1":{"name":"(anonymous_1)","decl":{"start":{"line":16,"column":22},"end":{"line":16,"column":23}},"loc":{"start":{"line":16,"column":32},"end":{"line":19,"column":1}},"line":16},"2":{"name":"(anonymous_2)","decl":{"start":{"line":21,"column":24},"end":{"line":21,"column":25}},"loc":{"start":{"line":21,"column":37},"end":{"line":24,"column":1}},"line":21},"3":{"name":"(anonymous_3)","decl":{"start":{"line":26,"column":29},"end":{"line":26,"column":30}},"loc":{"start":{"line":26,"column":35},"end":{"line":42,"column":1}},"line":26},"4":{"name":"(anonymous_4)","decl":{"start":{"line":26,"column":35},"end":{"line":26,"column":36}},"loc":{"start":{"line":26,"column":65},"end":{"line":42,"column":1}},"line":26}},"branchMap":{"0":{"loc":{"start":{"line":31,"column":2},"end":{"line":33,"column":3}},"type":"if","locations":[{"start":{"line":31,"column":2},"end":{"line":33,"column":3}},{"start":{"line":31,"column":2},"end":{"line":33,"column":3}}],"line":31},"1":{"loc":{"start":{"line":31,"column":6},"end":{"line":31,"column":51}},"type":"binary-expr","locations":[{"start":{"line":31,"column":6},"end":{"line":31,"column":16}},{"start":{"line":31,"column":20},"end":{"line":31,"column":51}}],"line":31}},"s":{"0":2,"1":2,"2":1,"3":2,"4":0,"5":2,"6":0,"7":2,"8":1,"9":1,"10":1,"11":0,"12":1,"13":1,"14":1,"15":0,"16":0},"f":{"0":1,"1":0,"2":0,"3":1,"4":1},"b":{"0":[0,1],"1":[1,1]},"_coverageSchema":"1a1c01bbd47fc00a2c39e90264f33305004495a9","hash":"d97015b95ed6a13fd33c1d45d0dc02c0003b44e5"}
,"/Users/jpalacio0612/Desktop/desarrollo/movy/movy-native/src/actions/GlobalActions.js": {"path":"/Users/jpalacio0612/Desktop/desarrollo/movy/movy-native/src/actions/GlobalActions.js","statementMap":{"0":{"start":{"line":1,"column":21},"end":{"line":3,"column":1}},"1":{"start":{"line":5,"column":27},"end":{"line":8,"column":2}},"2":{"start":{"line":5,"column":34},"end":{"line":8,"column":1}}},"fnMap":{"0":{"name":"(anonymous_0)","decl":{"start":{"line":5,"column":27},"end":{"line":5,"column":28}},"loc":{"start":{"line":5,"column":34},"end":{"line":8,"column":1}},"line":5}},"branchMap":{},"s":{"0":1,"1":1,"2":1},"f":{"0":1},"b":{},"_coverageSchema":"1a1c01bbd47fc00a2c39e90264f33305004495a9","hash":"4c1694aa85cd37adf2da93fa5bfd99bcecf3f029"}
,"/Users/jpalacio0612/Desktop/desarrollo/movy/movy-native/src/actions/SearchActions.js": {"path":"/Users/jpalacio0612/Desktop/desarrollo/movy/movy-native/src/actions/SearchActions.js","statementMap":{"0":{"start":{"line":3,"column":21},"end":{"line":9,"column":1}},"1":{"start":{"line":11,"column":22},"end":{"line":14,"column":2}},"2":{"start":{"line":11,"column":29},"end":{"line":14,"column":1}},"3":{"start":{"line":16,"column":20},"end":{"line":19,"column":2}},"4":{"start":{"line":16,"column":30},"end":{"line":19,"column":1}},"5":{"start":{"line":21,"column":22},"end":{"line":24,"column":2}},"6":{"start":{"line":21,"column":58},"end":{"line":24,"column":1}},"7":{"start":{"line":26,"column":19},"end":{"line":29,"column":2}},"8":{"start":{"line":26,"column":26},"end":{"line":29,"column":1}},"9":{"start":{"line":31,"column":28},"end":{"line":31,"column":68}},"10":{"start":{"line":31,"column":34},"end":{"line":31,"column":68}},"11":{"start":{"line":31,"column":46},"end":{"line":31,"column":68}},"12":{"start":{"line":33,"column":22},"end":{"line":44,"column":1}},"13":{"start":{"line":33,"column":43},"end":{"line":44,"column":1}},"14":{"start":{"line":34,"column":2},"end":{"line":34,"column":28}},"15":{"start":{"line":35,"column":2},"end":{"line":43,"column":3}},"16":{"start":{"line":36,"column":21},"end":{"line":36,"column":67}},"17":{"start":{"line":37,"column":4},"end":{"line":39,"column":5}},"18":{"start":{"line":38,"column":6},"end":{"line":38,"column":31}},"19":{"start":{"line":40,"column":4},"end":{"line":40,"column":45}},"20":{"start":{"line":42,"column":4},"end":{"line":42,"column":48}}},"fnMap":{"0":{"name":"(anonymous_0)","decl":{"start":{"line":11,"column":22},"end":{"line":11,"column":23}},"loc":{"start":{"line":11,"column":29},"end":{"line":14,"column":1}},"line":11},"1":{"name":"(anonymous_1)","decl":{"start":{"line":16,"column":20},"end":{"line":16,"column":21}},"loc":{"start":{"line":16,"column":30},"end":{"line":19,"column":1}},"line":16},"2":{"name":"(anonymous_2)","decl":{"start":{"line":21,"column":22},"end":{"line":21,"column":23}},"loc":{"start":{"line":21,"column":58},"end":{"line":24,"column":1}},"line":21},"3":{"name":"(anonymous_3)","decl":{"start":{"line":26,"column":19},"end":{"line":26,"column":20}},"loc":{"start":{"line":26,"column":26},"end":{"line":29,"column":1}},"line":26},"4":{"name":"(anonymous_4)","decl":{"start":{"line":31,"column":28},"end":{"line":31,"column":29}},"loc":{"start":{"line":31,"column":34},"end":{"line":31,"column":68}},"line":31},"5":{"name":"(anonymous_5)","decl":{"start":{"line":31,"column":34},"end":{"line":31,"column":35}},"loc":{"start":{"line":31,"column":46},"end":{"line":31,"column":68}},"line":31},"6":{"name":"(anonymous_6)","decl":{"start":{"line":33,"column":22},"end":{"line":33,"column":23}},"loc":{"start":{"line":33,"column":43},"end":{"line":44,"column":1}},"line":33},"7":{"name":"(anonymous_7)","decl":{"start":{"line":33,"column":43},"end":{"line":33,"column":44}},"loc":{"start":{"line":33,"column":61},"end":{"line":44,"column":1}},"line":33}},"branchMap":{"0":{"loc":{"start":{"line":37,"column":4},"end":{"line":39,"column":5}},"type":"if","locations":[{"start":{"line":37,"column":4},"end":{"line":39,"column":5}},{"start":{"line":37,"column":4},"end":{"line":39,"column":5}}],"line":37}},"s":{"0":2,"1":2,"2":1,"3":2,"4":0,"5":2,"6":0,"7":2,"8":0,"9":2,"10":0,"11":0,"12":2,"13":1,"14":1,"15":1,"16":1,"17":0,"18":0,"19":0,"20":0},"f":{"0":1,"1":0,"2":0,"3":0,"4":0,"5":0,"6":1,"7":1},"b":{"0":[0,0]},"_coverageSchema":"1a1c01bbd47fc00a2c39e90264f33305004495a9","hash":"548b22e8bdb8ed6da81a4698ef57b21dc1d31d57"}
,"/Users/jpalacio0612/Desktop/desarrollo/movy/movy-native/src/actions/TrendingActions.js": {"path":"/Users/jpalacio0612/Desktop/desarrollo/movy/movy-native/src/actions/TrendingActions.js","statementMap":{"0":{"start":{"line":3,"column":21},"end":{"line":9,"column":1}},"1":{"start":{"line":11,"column":24},"end":{"line":14,"column":2}},"2":{"start":{"line":11,"column":31},"end":{"line":14,"column":1}},"3":{"start":{"line":16,"column":22},"end":{"line":19,"column":2}},"4":{"start":{"line":16,"column":32},"end":{"line":19,"column":1}},"5":{"start":{"line":21,"column":24},"end":{"line":24,"column":2}},"6":{"start":{"line":21,"column":37},"end":{"line":24,"column":1}},"7":{"start":{"line":26,"column":32},"end":{"line":34,"column":1}},"8":{"start":{"line":26,"column":38},"end":{"line":34,"column":1}},"9":{"start":{"line":27,"column":2},"end":{"line":27,"column":30}},"10":{"start":{"line":28,"column":2},"end":{"line":33,"column":3}},"11":{"start":{"line":29,"column":21},"end":{"line":29,"column":62}},"12":{"start":{"line":30,"column":4},"end":{"line":30,"column":40}},"13":{"start":{"line":32,"column":4},"end":{"line":32,"column":43}}},"fnMap":{"0":{"name":"(anonymous_0)","decl":{"start":{"line":11,"column":24},"end":{"line":11,"column":25}},"loc":{"start":{"line":11,"column":31},"end":{"line":14,"column":1}},"line":11},"1":{"name":"(anonymous_1)","decl":{"start":{"line":16,"column":22},"end":{"line":16,"column":23}},"loc":{"start":{"line":16,"column":32},"end":{"line":19,"column":1}},"line":16},"2":{"name":"(anonymous_2)","decl":{"start":{"line":21,"column":24},"end":{"line":21,"column":25}},"loc":{"start":{"line":21,"column":37},"end":{"line":24,"column":1}},"line":21},"3":{"name":"(anonymous_3)","decl":{"start":{"line":26,"column":32},"end":{"line":26,"column":33}},"loc":{"start":{"line":26,"column":38},"end":{"line":34,"column":1}},"line":26},"4":{"name":"(anonymous_4)","decl":{"start":{"line":26,"column":38},"end":{"line":26,"column":39}},"loc":{"start":{"line":26,"column":56},"end":{"line":34,"column":1}},"line":26}},"branchMap":{},"s":{"0":2,"1":2,"2":1,"3":2,"4":0,"5":2,"6":0,"7":2,"8":1,"9":1,"10":1,"11":1,"12":0,"13":0},"f":{"0":1,"1":0,"2":0,"3":1,"4":1},"b":{},"_coverageSchema":"1a1c01bbd47fc00a2c39e90264f33305004495a9","hash":"dd7d1912cf7aedfd9e2844e56a7b9d5b7d6e7a67"}
,"/Users/jpalacio0612/Desktop/desarrollo/movy/movy-native/src/actions/UserActions.js": {"path":"/Users/jpalacio0612/Desktop/desarrollo/movy/movy-native/src/actions/UserActions.js","statementMap":{"0":{"start":{"line":3,"column":21},"end":{"line":11,"column":1}},"1":{"start":{"line":13,"column":21},"end":{"line":16,"column":2}},"2":{"start":{"line":13,"column":28},"end":{"line":16,"column":1}},"3":{"start":{"line":18,"column":19},"end":{"line":21,"column":2}},"4":{"start":{"line":18,"column":29},"end":{"line":21,"column":1}},"5":{"start":{"line":23,"column":21},"end":{"line":26,"column":2}},"6":{"start":{"line":23,"column":30},"end":{"line":26,"column":1}},"7":{"start":{"line":28,"column":19},"end":{"line":31,"column":2}},"8":{"start":{"line":28,"column":26},"end":{"line":31,"column":1}},"9":{"start":{"line":33,"column":12},"end":{"line":36,"column":2}},"10":{"start":{"line":33,"column":22},"end":{"line":36,"column":1}},"11":{"start":{"line":38,"column":15},"end":{"line":41,"column":2}},"12":{"start":{"line":38,"column":25},"end":{"line":41,"column":1}},"13":{"start":{"line":43,"column":21},"end":{"line":51,"column":1}},"14":{"start":{"line":43,"column":45},"end":{"line":51,"column":1}},"15":{"start":{"line":44,"column":2},"end":{"line":44,"column":27}},"16":{"start":{"line":45,"column":2},"end":{"line":50,"column":3}},"17":{"start":{"line":46,"column":17},"end":{"line":46,"column":63}},"18":{"start":{"line":47,"column":4},"end":{"line":47,"column":33}},"19":{"start":{"line":49,"column":4},"end":{"line":49,"column":40}},"20":{"start":{"line":53,"column":22},"end":{"line":59,"column":1}},"21":{"start":{"line":53,"column":28},"end":{"line":59,"column":1}},"22":{"start":{"line":54,"column":2},"end":{"line":58,"column":3}},"23":{"start":{"line":55,"column":4},"end":{"line":55,"column":34}},"24":{"start":{"line":57,"column":4},"end":{"line":57,"column":27}},"25":{"start":{"line":61,"column":25},"end":{"line":63,"column":1}},"26":{"start":{"line":61,"column":34},"end":{"line":63,"column":1}},"27":{"start":{"line":62,"column":2},"end":{"line":62,"column":23}},"28":{"start":{"line":65,"column":30},"end":{"line":67,"column":1}},"29":{"start":{"line":65,"column":39},"end":{"line":67,"column":1}},"30":{"start":{"line":66,"column":2},"end":{"line":66,"column":26}}},"fnMap":{"0":{"name":"(anonymous_0)","decl":{"start":{"line":13,"column":21},"end":{"line":13,"column":22}},"loc":{"start":{"line":13,"column":28},"end":{"line":16,"column":1}},"line":13},"1":{"name":"(anonymous_1)","decl":{"start":{"line":18,"column":19},"end":{"line":18,"column":20}},"loc":{"start":{"line":18,"column":29},"end":{"line":21,"column":1}},"line":18},"2":{"name":"(anonymous_2)","decl":{"start":{"line":23,"column":21},"end":{"line":23,"column":22}},"loc":{"start":{"line":23,"column":30},"end":{"line":26,"column":1}},"line":23},"3":{"name":"(anonymous_3)","decl":{"start":{"line":28,"column":19},"end":{"line":28,"column":20}},"loc":{"start":{"line":28,"column":26},"end":{"line":31,"column":1}},"line":28},"4":{"name":"(anonymous_4)","decl":{"start":{"line":33,"column":12},"end":{"line":33,"column":13}},"loc":{"start":{"line":33,"column":22},"end":{"line":36,"column":1}},"line":33},"5":{"name":"(anonymous_5)","decl":{"start":{"line":38,"column":15},"end":{"line":38,"column":16}},"loc":{"start":{"line":38,"column":25},"end":{"line":41,"column":1}},"line":38},"6":{"name":"(anonymous_6)","decl":{"start":{"line":43,"column":21},"end":{"line":43,"column":22}},"loc":{"start":{"line":43,"column":45},"end":{"line":51,"column":1}},"line":43},"7":{"name":"(anonymous_7)","decl":{"start":{"line":43,"column":45},"end":{"line":43,"column":46}},"loc":{"start":{"line":43,"column":63},"end":{"line":51,"column":1}},"line":43},"8":{"name":"(anonymous_8)","decl":{"start":{"line":53,"column":22},"end":{"line":53,"column":23}},"loc":{"start":{"line":53,"column":28},"end":{"line":59,"column":1}},"line":53},"9":{"name":"(anonymous_9)","decl":{"start":{"line":53,"column":28},"end":{"line":53,"column":29}},"loc":{"start":{"line":53,"column":46},"end":{"line":59,"column":1}},"line":53},"10":{"name":"(anonymous_10)","decl":{"start":{"line":61,"column":25},"end":{"line":61,"column":26}},"loc":{"start":{"line":61,"column":34},"end":{"line":63,"column":1}},"line":61},"11":{"name":"(anonymous_11)","decl":{"start":{"line":61,"column":34},"end":{"line":61,"column":35}},"loc":{"start":{"line":61,"column":46},"end":{"line":63,"column":1}},"line":61},"12":{"name":"(anonymous_12)","decl":{"start":{"line":65,"column":30},"end":{"line":65,"column":31}},"loc":{"start":{"line":65,"column":39},"end":{"line":67,"column":1}},"line":65},"13":{"name":"(anonymous_13)","decl":{"start":{"line":65,"column":39},"end":{"line":65,"column":40}},"loc":{"start":{"line":65,"column":51},"end":{"line":67,"column":1}},"line":65}},"branchMap":{},"s":{"0":2,"1":2,"2":1,"3":2,"4":0,"5":2,"6":1,"7":2,"8":1,"9":2,"10":0,"11":2,"12":0,"13":2,"14":1,"15":1,"16":1,"17":1,"18":1,"19":0,"20":2,"21":1,"22":1,"23":1,"24":1,"25":2,"26":0,"27":0,"28":2,"29":0,"30":0},"f":{"0":1,"1":0,"2":1,"3":1,"4":0,"5":0,"6":1,"7":1,"8":1,"9":1,"10":0,"11":0,"12":0,"13":0},"b":{},"_coverageSchema":"1a1c01bbd47fc00a2c39e90264f33305004495a9","hash":"e6e7b5c654e694c6c749afad037d0a1ce0d310ed"}
,"/Users/jpalacio0612/Desktop/desarrollo/movy/movy-native/src/constants/index.js": {"path":"/Users/jpalacio0612/Desktop/desarrollo/movy/movy-native/src/constants/index.js","statementMap":{},"fnMap":{},"branchMap":{},"s":{},"f":{},"b":{},"_coverageSchema":"1a1c01bbd47fc00a2c39e90264f33305004495a9","hash":"2b56601264dc3ad3cd25d389ea4b05238fef4946"}
,"/Users/jpalacio0612/Desktop/desarrollo/movy/movy-native/src/constants/movies.js": {"path":"/Users/jpalacio0612/Desktop/desarrollo/movy/movy-native/src/constants/movies.js","statementMap":{"0":{"start":{"line":1,"column":26},"end":{"line":1,"column":59}}},"fnMap":{},"branchMap":{},"s":{"0":2},"f":{},"b":{},"_coverageSchema":"1a1c01bbd47fc00a2c39e90264f33305004495a9","hash":"ec2be9b7536817b6ee27fdbc408fa49d7f09a5f4"}
,"/Users/jpalacio0612/Desktop/desarrollo/movy/movy-native/src/constants/navigation.js": {"path":"/Users/jpalacio0612/Desktop/desarrollo/movy/movy-native/src/constants/navigation.js","statementMap":{"0":{"start":{"line":1,"column":26},"end":{"line":8,"column":1}}},"fnMap":{},"branchMap":{},"s":{"0":2},"f":{},"b":{},"_coverageSchema":"1a1c01bbd47fc00a2c39e90264f33305004495a9","hash":"e88f87546ba4c3653a0f5aeacf9d8eb9529c95aa"}
,"/Users/jpalacio0612/Desktop/desarrollo/movy/movy-native/src/constants/status.js": {"path":"/Users/jpalacio0612/Desktop/desarrollo/movy/movy-native/src/constants/status.js","statementMap":{"0":{"start":{"line":1,"column":22},"end":{"line":6,"column":1}}},"fnMap":{},"branchMap":{},"s":{"0":2},"f":{},"b":{},"_coverageSchema":"1a1c01bbd47fc00a2c39e90264f33305004495a9","hash":"c7ea68b32df36c625b2c0bbb1428e6e75a6aab29"}
,"/Users/jpalacio0612/Desktop/desarrollo/movy/movy-native/src/controllers/DetailsController.js": {"path":"/Users/jpalacio0612/Desktop/desarrollo/movy/movy-native/src/controllers/DetailsController.js","statementMap":{"0":{"start":{"line":6,"column":4},"end":{"line":34,"column":5}},"1":{"start":{"line":16,"column":10},"end":{"line":18,"column":8}},"2":{"start":{"line":20,"column":6},"end":{"line":31,"column":8}},"3":{"start":{"line":26,"column":30},"end":{"line":26,"column":70}},"4":{"start":{"line":33,"column":6},"end":{"line":33,"column":53}}},"fnMap":{"0":{"name":"(anonymous_0)","decl":{"start":{"line":5,"column":2},"end":{"line":5,"column":3}},"loc":{"start":{"line":5,"column":40},"end":{"line":35,"column":3}},"line":5},"1":{"name":"(anonymous_1)","decl":{"start":{"line":26,"column":10},"end":{"line":26,"column":11}},"loc":{"start":{"line":26,"column":30},"end":{"line":26,"column":70}},"line":26}},"branchMap":{"0":{"loc":{"start":{"line":26,"column":30},"end":{"line":26,"column":70}},"type":"binary-expr","locations":[{"start":{"line":26,"column":30},"end":{"line":26,"column":48}},{"start":{"line":26,"column":52},"end":{"line":26,"column":70}}],"line":26}},"s":{"0":1,"1":1,"2":0,"3":0,"4":0},"f":{"0":1,"1":0},"b":{"0":[0,0]},"_coverageSchema":"1a1c01bbd47fc00a2c39e90264f33305004495a9","hash":"5dba53568ed5dfdc6d229d2fdcbacc401f5b83ad"}
,"/Users/jpalacio0612/Desktop/desarrollo/movy/movy-native/src/controllers/FeaturedController.js": {"path":"/Users/jpalacio0612/Desktop/desarrollo/movy/movy-native/src/controllers/FeaturedController.js","statementMap":{"0":{"start":{"line":6,"column":4},"end":{"line":19,"column":5}},"1":{"start":{"line":9,"column":10},"end":{"line":11,"column":8}},"2":{"start":{"line":13,"column":30},"end":{"line":13,"column":38}},"3":{"start":{"line":14,"column":21},"end":{"line":14,"column":50}},"4":{"start":{"line":16,"column":6},"end":{"line":16,"column":37}},"5":{"start":{"line":18,"column":6},"end":{"line":18,"column":53}},"6":{"start":{"line":23,"column":23},"end":{"line":25,"column":6}},"7":{"start":{"line":27,"column":4},"end":{"line":27,"column":42}},"8":{"start":{"line":27,"column":36},"end":{"line":27,"column":40}}},"fnMap":{"0":{"name":"(anonymous_0)","decl":{"start":{"line":5,"column":2},"end":{"line":5,"column":3}},"loc":{"start":{"line":5,"column":34},"end":{"line":20,"column":3}},"line":5},"1":{"name":"(anonymous_1)","decl":{"start":{"line":22,"column":2},"end":{"line":22,"column":3}},"loc":{"start":{"line":22,"column":34},"end":{"line":28,"column":3}},"line":22},"2":{"name":"(anonymous_2)","decl":{"start":{"line":27,"column":22},"end":{"line":27,"column":23}},"loc":{"start":{"line":27,"column":36},"end":{"line":27,"column":40}},"line":27}},"branchMap":{},"s":{"0":1,"1":1,"2":0,"3":0,"4":0,"5":0,"6":0,"7":0,"8":0},"f":{"0":1,"1":0,"2":0},"b":{},"_coverageSchema":"1a1c01bbd47fc00a2c39e90264f33305004495a9","hash":"826e2f633c7ac5a4817bed56fcea49cc156e0393"}
,"/Users/jpalacio0612/Desktop/desarrollo/movy/movy-native/src/controllers/HttpClient.js": {"path":"/Users/jpalacio0612/Desktop/desarrollo/movy/movy-native/src/controllers/HttpClient.js","statementMap":{"0":{"start":{"line":6,"column":17},"end":{"line":6,"column":24}},"1":{"start":{"line":8,"column":15},"end":{"line":17,"column":2}},"2":{"start":{"line":19,"column":0},"end":{"line":30,"column":2}},"3":{"start":{"line":20,"column":14},"end":{"line":20,"column":27}},"4":{"start":{"line":22,"column":4},"end":{"line":28,"column":5}},"5":{"start":{"line":23,"column":6},"end":{"line":23,"column":49}},"6":{"start":{"line":24,"column":11},"end":{"line":28,"column":5}},"7":{"start":{"line":25,"column":6},"end":{"line":25,"column":71}},"8":{"start":{"line":27,"column":6},"end":{"line":27,"column":35}},"9":{"start":{"line":32,"column":25},"end":{"line":34,"column":1}},"10":{"start":{"line":33,"column":2},"end":{"line":33,"column":55}},"11":{"start":{"line":36,"column":27},"end":{"line":38,"column":1}},"12":{"start":{"line":37,"column":2},"end":{"line":37,"column":54}},"13":{"start":{"line":40,"column":26},"end":{"line":40,"column":77}}},"fnMap":{"0":{"name":"(anonymous_0)","decl":{"start":{"line":20,"column":2},"end":{"line":20,"column":3}},"loc":{"start":{"line":20,"column":14},"end":{"line":20,"column":27}},"line":20},"1":{"name":"(anonymous_1)","decl":{"start":{"line":21,"column":2},"end":{"line":21,"column":3}},"loc":{"start":{"line":21,"column":11},"end":{"line":29,"column":3}},"line":21},"2":{"name":"(anonymous_2)","decl":{"start":{"line":32,"column":25},"end":{"line":32,"column":26}},"loc":{"start":{"line":32,"column":34},"end":{"line":34,"column":1}},"line":32},"3":{"name":"(anonymous_3)","decl":{"start":{"line":36,"column":27},"end":{"line":36,"column":28}},"loc":{"start":{"line":36,"column":33},"end":{"line":38,"column":1}},"line":36}},"branchMap":{"0":{"loc":{"start":{"line":22,"column":4},"end":{"line":28,"column":5}},"type":"if","locations":[{"start":{"line":22,"column":4},"end":{"line":28,"column":5}},{"start":{"line":22,"column":4},"end":{"line":28,"column":5}}],"line":22},"1":{"loc":{"start":{"line":24,"column":11},"end":{"line":28,"column":5}},"type":"if","locations":[{"start":{"line":24,"column":11},"end":{"line":28,"column":5}},{"start":{"line":24,"column":11},"end":{"line":28,"column":5}}],"line":24}},"s":{"0":10,"1":10,"2":10,"3":0,"4":0,"5":0,"6":0,"7":0,"8":0,"9":10,"10":0,"11":10,"12":0,"13":10},"f":{"0":0,"1":0,"2":0,"3":0},"b":{"0":[0,0],"1":[0,0]},"_coverageSchema":"1a1c01bbd47fc00a2c39e90264f33305004495a9","hash":"f21cbdc49cec959040fc99376d95f7743f9a08cf"}
,"/Users/jpalacio0612/Desktop/desarrollo/movy/movy-native/src/controllers/SearchController.js": {"path":"/Users/jpalacio0612/Desktop/desarrollo/movy/movy-native/src/controllers/SearchController.js","statementMap":{"0":{"start":{"line":6,"column":4},"end":{"line":18,"column":5}},"1":{"start":{"line":11,"column":10},"end":{"line":13,"column":8}},"2":{"start":{"line":15,"column":6},"end":{"line":15,"column":56}},"3":{"start":{"line":17,"column":6},"end":{"line":17,"column":53}}},"fnMap":{"0":{"name":"(anonymous_0)","decl":{"start":{"line":5,"column":2},"end":{"line":5,"column":3}},"loc":{"start":{"line":5,"column":39},"end":{"line":19,"column":3}},"line":5}},"branchMap":{},"s":{"0":1,"1":1,"2":0,"3":0},"f":{"0":1},"b":{},"_coverageSchema":"1a1c01bbd47fc00a2c39e90264f33305004495a9","hash":"f53b8d6b3d78b98a13984f0c51e9228f18fbcff5"}
,"/Users/jpalacio0612/Desktop/desarrollo/movy/movy-native/src/controllers/TrendingController.js": {"path":"/Users/jpalacio0612/Desktop/desarrollo/movy/movy-native/src/controllers/TrendingController.js","statementMap":{"0":{"start":{"line":6,"column":4},"end":{"line":14,"column":5}},"1":{"start":{"line":7,"column":26},"end":{"line":9,"column":8}},"2":{"start":{"line":11,"column":6},"end":{"line":11,"column":21}},"3":{"start":{"line":13,"column":6},"end":{"line":13,"column":53}}},"fnMap":{"0":{"name":"(anonymous_0)","decl":{"start":{"line":5,"column":2},"end":{"line":5,"column":3}},"loc":{"start":{"line":5,"column":32},"end":{"line":15,"column":3}},"line":5}},"branchMap":{},"s":{"0":1,"1":1,"2":0,"3":0},"f":{"0":1},"b":{},"_coverageSchema":"1a1c01bbd47fc00a2c39e90264f33305004495a9","hash":"ed49e6f12d0aef599278dc6c6892fa01f331cfb4"}
,"/Users/jpalacio0612/Desktop/desarrollo/movy/movy-native/src/controllers/UserController.js": {"path":"/Users/jpalacio0612/Desktop/desarrollo/movy/movy-native/src/controllers/UserController.js","statementMap":{"0":{"start":{"line":5,"column":4},"end":{"line":13,"column":7}},"1":{"start":{"line":6,"column":6},"end":{"line":12,"column":14}},"2":{"start":{"line":7,"column":8},"end":{"line":11,"column":9}},"3":{"start":{"line":8,"column":10},"end":{"line":8,"column":32}},"4":{"start":{"line":10,"column":10},"end":{"line":10,"column":62}},"5":{"start":{"line":17,"column":4},"end":{"line":19,"column":7}},"6":{"start":{"line":18,"column":6},"end":{"line":18,"column":31}}},"fnMap":{"0":{"name":"(anonymous_0)","decl":{"start":{"line":4,"column":2},"end":{"line":4,"column":3}},"loc":{"start":{"line":4,"column":41},"end":{"line":14,"column":3}},"line":4},"1":{"name":"(anonymous_1)","decl":{"start":{"line":5,"column":23},"end":{"line":5,"column":24}},"loc":{"start":{"line":5,"column":44},"end":{"line":13,"column":5}},"line":5},"2":{"name":"(anonymous_2)","decl":{"start":{"line":6,"column":17},"end":{"line":6,"column":18}},"loc":{"start":{"line":6,"column":23},"end":{"line":12,"column":7}},"line":6},"3":{"name":"(anonymous_3)","decl":{"start":{"line":16,"column":2},"end":{"line":16,"column":3}},"loc":{"start":{"line":16,"column":24},"end":{"line":20,"column":3}},"line":16},"4":{"name":"(anonymous_4)","decl":{"start":{"line":17,"column":23},"end":{"line":17,"column":24}},"loc":{"start":{"line":17,"column":34},"end":{"line":19,"column":5}},"line":17}},"branchMap":{"0":{"loc":{"start":{"line":7,"column":8},"end":{"line":11,"column":9}},"type":"if","locations":[{"start":{"line":7,"column":8},"end":{"line":11,"column":9}},{"start":{"line":7,"column":8},"end":{"line":11,"column":9}}],"line":7},"1":{"loc":{"start":{"line":7,"column":12},"end":{"line":7,"column":32}},"type":"binary-expr","locations":[{"start":{"line":7,"column":12},"end":{"line":7,"column":20}},{"start":{"line":7,"column":24},"end":{"line":7,"column":32}}],"line":7}},"s":{"0":1,"1":1,"2":1,"3":1,"4":0,"5":1,"6":1},"f":{"0":1,"1":1,"2":1,"3":1,"4":1},"b":{"0":[1,0],"1":[1,1]},"_coverageSchema":"1a1c01bbd47fc00a2c39e90264f33305004495a9","hash":"4a1a2c575c0dcca9af1c5ddc2917a310b471a7ff"}
,"/Users/jpalacio0612/Desktop/desarrollo/movy/movy-native/src/controllers/index.js": {"path":"/Users/jpalacio0612/Desktop/desarrollo/movy/movy-native/src/controllers/index.js","statementMap":{},"fnMap":{},"branchMap":{},"s":{},"f":{},"b":{},"_coverageSchema":"1a1c01bbd47fc00a2c39e90264f33305004495a9","hash":"f7c5912ac3acd07e16a47bea85f496742a98aa13"}
,"/Users/jpalacio0612/Desktop/desarrollo/movy/movy-native/src/localization/Localization.js": {"path":"/Users/jpalacio0612/Desktop/desarrollo/movy/movy-native/src/localization/Localization.js","statementMap":{"0":{"start":{"line":4,"column":23},"end":{"line":4,"column":51}}},"fnMap":{},"branchMap":{},"s":{"0":10},"f":{},"b":{},"_coverageSchema":"1a1c01bbd47fc00a2c39e90264f33305004495a9","hash":"b2c94c6f2f2883c09ff96facb6b77969ecc31216"}
,"/Users/jpalacio0612/Desktop/desarrollo/movy/movy-native/src/localization/en.js": {"path":"/Users/jpalacio0612/Desktop/desarrollo/movy/movy-native/src/localization/en.js","statementMap":{"0":{"start":{"line":1,"column":18},"end":{"line":44,"column":1}}},"fnMap":{},"branchMap":{},"s":{"0":10},"f":{},"b":{},"_coverageSchema":"1a1c01bbd47fc00a2c39e90264f33305004495a9","hash":"bb9ef23893278bf7d8f7edb8b1ba55a057ed05a3"}
,"/Users/jpalacio0612/Desktop/desarrollo/movy/movy-native/src/localization/index.js": {"path":"/Users/jpalacio0612/Desktop/desarrollo/movy/movy-native/src/localization/index.js","statementMap":{},"fnMap":{},"branchMap":{},"s":{},"f":{},"b":{},"_coverageSchema":"1a1c01bbd47fc00a2c39e90264f33305004495a9","hash":"a851915cde36d3381eed48d371e7cf7682e602a5"}
,"/Users/jpalacio0612/Desktop/desarrollo/movy/movy-native/src/reducers/DetailsReducer.js": {"path":"/Users/jpalacio0612/Desktop/desarrollo/movy/movy-native/src/reducers/DetailsReducer.js","statementMap":{"0":{"start":{"line":3,"column":28},"end":{"line":12,"column":1}},"1":{"start":{"line":14,"column":30},"end":{"line":33,"column":1}},"2":{"start":{"line":15,"column":2},"end":{"line":32,"column":3}},"3":{"start":{"line":17,"column":6},"end":{"line":27,"column":8}},"4":{"start":{"line":29,"column":6},"end":{"line":29,"column":33}},"5":{"start":{"line":31,"column":6},"end":{"line":31,"column":19}}},"fnMap":{"0":{"name":"(anonymous_0)","decl":{"start":{"line":14,"column":30},"end":{"line":14,"column":31}},"loc":{"start":{"line":14,"column":75},"end":{"line":33,"column":1}},"line":14}},"branchMap":{"0":{"loc":{"start":{"line":14,"column":31},"end":{"line":14,"column":51}},"type":"default-arg","locations":[{"start":{"line":14,"column":39},"end":{"line":14,"column":51}}],"line":14},"1":{"loc":{"start":{"line":15,"column":2},"end":{"line":32,"column":3}},"type":"switch","locations":[{"start":{"line":16,"column":4},"end":{"line":27,"column":8}},{"start":{"line":28,"column":4},"end":{"line":29,"column":33}},{"start":{"line":30,"column":4},"end":{"line":31,"column":19}}],"line":15}},"s":{"0":1,"1":1,"2":5,"3":1,"4":1,"5":3},"f":{"0":5},"b":{"0":[0],"1":[1,1,3]},"_coverageSchema":"1a1c01bbd47fc00a2c39e90264f33305004495a9","hash":"2a9424f2f1955713c6ed0c8fe2c53d29a54d691e"}
,"/Users/jpalacio0612/Desktop/desarrollo/movy/movy-native/src/reducers/FeaturedReducer.js": {"path":"/Users/jpalacio0612/Desktop/desarrollo/movy/movy-native/src/reducers/FeaturedReducer.js","statementMap":{"0":{"start":{"line":3,"column":28},"end":{"line":8,"column":1}},"1":{"start":{"line":10,"column":31},"end":{"line":25,"column":1}},"2":{"start":{"line":11,"column":2},"end":{"line":24,"column":3}},"3":{"start":{"line":13,"column":6},"end":{"line":19,"column":8}},"4":{"start":{"line":21,"column":6},"end":{"line":21,"column":33}},"5":{"start":{"line":23,"column":6},"end":{"line":23,"column":19}}},"fnMap":{"0":{"name":"(anonymous_0)","decl":{"start":{"line":10,"column":31},"end":{"line":10,"column":32}},"loc":{"start":{"line":10,"column":76},"end":{"line":25,"column":1}},"line":10}},"branchMap":{"0":{"loc":{"start":{"line":10,"column":32},"end":{"line":10,"column":52}},"type":"default-arg","locations":[{"start":{"line":10,"column":40},"end":{"line":10,"column":52}}],"line":10},"1":{"loc":{"start":{"line":11,"column":2},"end":{"line":24,"column":3}},"type":"switch","locations":[{"start":{"line":12,"column":4},"end":{"line":19,"column":8}},{"start":{"line":20,"column":4},"end":{"line":21,"column":33}},{"start":{"line":22,"column":4},"end":{"line":23,"column":19}}],"line":11}},"s":{"0":1,"1":1,"2":4,"3":0,"4":1,"5":3},"f":{"0":4},"b":{"0":[0],"1":[0,1,3]},"_coverageSchema":"1a1c01bbd47fc00a2c39e90264f33305004495a9","hash":"9203bc42428ff6f78f4a4c8cf888b26bb6f3790b"}
,"/Users/jpalacio0612/Desktop/desarrollo/movy/movy-native/src/reducers/SearchReducer.js": {"path":"/Users/jpalacio0612/Desktop/desarrollo/movy/movy-native/src/reducers/SearchReducer.js","statementMap":{"0":{"start":{"line":3,"column":28},"end":{"line":7,"column":1}},"1":{"start":{"line":9,"column":29},"end":{"line":23,"column":1}},"2":{"start":{"line":10,"column":2},"end":{"line":22,"column":3}},"3":{"start":{"line":12,"column":6},"end":{"line":17,"column":8}},"4":{"start":{"line":19,"column":6},"end":{"line":19,"column":33}},"5":{"start":{"line":21,"column":6},"end":{"line":21,"column":19}}},"fnMap":{"0":{"name":"(anonymous_0)","decl":{"start":{"line":9,"column":29},"end":{"line":9,"column":30}},"loc":{"start":{"line":9,"column":74},"end":{"line":23,"column":1}},"line":9}},"branchMap":{"0":{"loc":{"start":{"line":9,"column":30},"end":{"line":9,"column":50}},"type":"default-arg","locations":[{"start":{"line":9,"column":38},"end":{"line":9,"column":50}}],"line":9},"1":{"loc":{"start":{"line":10,"column":2},"end":{"line":22,"column":3}},"type":"switch","locations":[{"start":{"line":11,"column":4},"end":{"line":17,"column":8}},{"start":{"line":18,"column":4},"end":{"line":19,"column":33}},{"start":{"line":20,"column":4},"end":{"line":21,"column":19}}],"line":10}},"s":{"0":1,"1":1,"2":5,"3":1,"4":0,"5":4},"f":{"0":5},"b":{"0":[0],"1":[1,0,4]},"_coverageSchema":"1a1c01bbd47fc00a2c39e90264f33305004495a9","hash":"8b4138448116766f7342114291889e01bf5c406d"}
,"/Users/jpalacio0612/Desktop/desarrollo/movy/movy-native/src/reducers/TrendingReducer.js": {"path":"/Users/jpalacio0612/Desktop/desarrollo/movy/movy-native/src/reducers/TrendingReducer.js","statementMap":{"0":{"start":{"line":4,"column":28},"end":{"line":4,"column":30}},"1":{"start":{"line":6,"column":31},"end":{"line":20,"column":1}},"2":{"start":{"line":7,"column":2},"end":{"line":19,"column":3}},"3":{"start":{"line":9,"column":6},"end":{"line":13,"column":10}},"4":{"start":{"line":9,"column":74},"end":{"line":13,"column":7}},"5":{"start":{"line":16,"column":6},"end":{"line":16,"column":31}},"6":{"start":{"line":18,"column":6},"end":{"line":18,"column":19}}},"fnMap":{"0":{"name":"(anonymous_0)","decl":{"start":{"line":6,"column":31},"end":{"line":6,"column":32}},"loc":{"start":{"line":6,"column":76},"end":{"line":20,"column":1}},"line":6},"1":{"name":"(anonymous_1)","decl":{"start":{"line":9,"column":34},"end":{"line":9,"column":35}},"loc":{"start":{"line":9,"column":74},"end":{"line":13,"column":7}},"line":9}},"branchMap":{"0":{"loc":{"start":{"line":6,"column":32},"end":{"line":6,"column":52}},"type":"default-arg","locations":[{"start":{"line":6,"column":40},"end":{"line":6,"column":52}}],"line":6},"1":{"loc":{"start":{"line":7,"column":2},"end":{"line":19,"column":3}},"type":"switch","locations":[{"start":{"line":8,"column":4},"end":{"line":14,"column":5}},{"start":{"line":15,"column":4},"end":{"line":16,"column":31}},{"start":{"line":17,"column":4},"end":{"line":18,"column":19}}],"line":7},"2":{"loc":{"start":{"line":12,"column":15},"end":{"line":12,"column":54}},"type":"cond-expr","locations":[{"start":{"line":12,"column":23},"end":{"line":12,"column":47}},{"start":{"line":12,"column":50},"end":{"line":12,"column":54}}],"line":12}},"s":{"0":1,"1":1,"2":5,"3":1,"4":1,"5":1,"6":3},"f":{"0":5,"1":1},"b":{"0":[0],"1":[1,1,3],"2":[1,0]},"_coverageSchema":"1a1c01bbd47fc00a2c39e90264f33305004495a9","hash":"070986d0ee3012839f8ae3068717c1c0b7129eaf"}
,"/Users/jpalacio0612/Desktop/desarrollo/movy/movy-native/src/reducers/UserReducer.js": {"path":"/Users/jpalacio0612/Desktop/desarrollo/movy/movy-native/src/reducers/UserReducer.js","statementMap":{"0":{"start":{"line":4,"column":28},"end":{"line":4,"column":52}},"1":{"start":{"line":6,"column":27},"end":{"line":35,"column":1}},"2":{"start":{"line":7,"column":2},"end":{"line":34,"column":3}},"3":{"start":{"line":9,"column":6},"end":{"line":9,"column":43}},"4":{"start":{"line":11,"column":6},"end":{"line":13,"column":7}},"5":{"start":{"line":11,"column":35},"end":{"line":11,"column":64}},"6":{"start":{"line":12,"column":8},"end":{"line":12,"column":21}},"7":{"start":{"line":14,"column":6},"end":{"line":23,"column":8}},"8":{"start":{"line":26,"column":6},"end":{"line":29,"column":8}},"9":{"start":{"line":28,"column":41},"end":{"line":28,"column":70}},"10":{"start":{"line":31,"column":6},"end":{"line":31,"column":33}},"11":{"start":{"line":33,"column":6},"end":{"line":33,"column":19}}},"fnMap":{"0":{"name":"(anonymous_0)","decl":{"start":{"line":6,"column":27},"end":{"line":6,"column":28}},"loc":{"start":{"line":6,"column":72},"end":{"line":35,"column":1}},"line":6},"1":{"name":"(anonymous_1)","decl":{"start":{"line":11,"column":26},"end":{"line":11,"column":27}},"loc":{"start":{"line":11,"column":35},"end":{"line":11,"column":64}},"line":11},"2":{"name":"(anonymous_2)","decl":{"start":{"line":28,"column":32},"end":{"line":28,"column":33}},"loc":{"start":{"line":28,"column":41},"end":{"line":28,"column":70}},"line":28}},"branchMap":{"0":{"loc":{"start":{"line":6,"column":28},"end":{"line":6,"column":48}},"type":"default-arg","locations":[{"start":{"line":6,"column":36},"end":{"line":6,"column":48}}],"line":6},"1":{"loc":{"start":{"line":7,"column":2},"end":{"line":34,"column":3}},"type":"switch","locations":[{"start":{"line":8,"column":4},"end":{"line":9,"column":43}},{"start":{"line":10,"column":4},"end":{"line":24,"column":5}},{"start":{"line":25,"column":4},"end":{"line":29,"column":8}},{"start":{"line":30,"column":4},"end":{"line":31,"column":33}},{"start":{"line":32,"column":4},"end":{"line":33,"column":19}}],"line":7},"2":{"loc":{"start":{"line":11,"column":6},"end":{"line":13,"column":7}},"type":"if","locations":[{"start":{"line":11,"column":6},"end":{"line":13,"column":7}},{"start":{"line":11,"column":6},"end":{"line":13,"column":7}}],"line":11}},"s":{"0":1,"1":1,"2":7,"3":1,"4":1,"5":0,"6":0,"7":1,"8":1,"9":1,"10":1,"11":3},"f":{"0":7,"1":0,"2":1},"b":{"0":[0],"1":[1,1,1,1,3],"2":[0,1]},"_coverageSchema":"1a1c01bbd47fc00a2c39e90264f33305004495a9","hash":"f4da7afa59aa83f5cbfec22a4c04023955005a90"}
}
