TN:
SF:src/actions/DetailsActions.js
FN:11,(anonymous_0)
FN:16,(anonymous_1)
FN:21,(anonymous_2)
FN:26,(anonymous_3)
FN:26,(anonymous_4)
FNF:5
FNH:3
FNDA:1,(anonymous_0)
FNDA:0,(anonymous_1)
FNDA:0,(anonymous_2)
FNDA:1,(anonymous_3)
FNDA:1,(anonymous_4)
DA:3,2
DA:11,2
DA:16,2
DA:21,2
DA:26,2
DA:27,1
DA:28,1
DA:29,1
DA:30,0
DA:32,0
LF:10
LH:8
BRF:0
BRH:0
end_of_record
TN:
SF:src/actions/FeaturedActions.js
FN:11,(anonymous_0)
FN:16,(anonymous_1)
FN:21,(anonymous_2)
FN:26,(anonymous_3)
FN:26,(anonymous_4)
FNF:5
FNH:3
FNDA:1,(anonymous_0)
FNDA:0,(anonymous_1)
FNDA:0,(anonymous_2)
FNDA:1,(anonymous_3)
FNDA:1,(anonymous_4)
DA:3,2
DA:11,2
DA:16,2
DA:21,2
DA:26,2
DA:29,1
DA:31,1
DA:32,0
DA:35,1
DA:36,1
DA:37,1
DA:38,0
DA:40,0
LF:13
LH:10
BRDA:31,0,0,0
BRDA:31,0,1,1
BRDA:31,1,0,1
BRDA:31,1,1,1
BRF:4
BRH:3
end_of_record
TN:
SF:src/actions/GlobalActions.js
FN:5,(anonymous_0)
FNF:1
FNH:1
FNDA:1,(anonymous_0)
DA:1,1
DA:5,1
LF:2
LH:2
BRF:0
BRH:0
end_of_record
TN:
SF:src/actions/SearchActions.js
FN:11,(anonymous_0)
FN:16,(anonymous_1)
FN:21,(anonymous_2)
FN:26,(anonymous_3)
FN:31,(anonymous_4)
FN:31,(anonymous_5)
FN:33,(anonymous_6)
FN:33,(anonymous_7)
FNF:8
FNH:3
FNDA:1,(anonymous_0)
FNDA:0,(anonymous_1)
FNDA:0,(anonymous_2)
FNDA:0,(anonymous_3)
FNDA:0,(anonymous_4)
FNDA:0,(anonymous_5)
FNDA:1,(anonymous_6)
FNDA:1,(anonymous_7)
DA:3,2
DA:11,2
DA:16,2
DA:21,2
DA:26,2
DA:31,2
DA:33,2
DA:34,1
DA:35,1
DA:36,1
DA:37,0
DA:38,0
DA:40,0
DA:42,0
LF:14
LH:10
BRDA:37,0,0,0
BRDA:37,0,1,0
BRF:2
BRH:0
end_of_record
TN:
SF:src/actions/TrendingActions.js
FN:11,(anonymous_0)
FN:16,(anonymous_1)
FN:21,(anonymous_2)
FN:26,(anonymous_3)
FN:26,(anonymous_4)
FNF:5
FNH:3
FNDA:1,(anonymous_0)
FNDA:0,(anonymous_1)
FNDA:0,(anonymous_2)
FNDA:1,(anonymous_3)
FNDA:1,(anonymous_4)
DA:3,2
DA:11,2
DA:16,2
DA:21,2
DA:26,2
DA:27,1
DA:28,1
DA:29,1
DA:30,0
DA:32,0
LF:10
LH:8
BRF:0
BRH:0
end_of_record
TN:
SF:src/actions/UserActions.js
FN:13,(anonymous_0)
FN:18,(anonymous_1)
FN:23,(anonymous_2)
FN:28,(anonymous_3)
FN:33,(anonymous_4)
FN:38,(anonymous_5)
FN:43,(anonymous_6)
FN:43,(anonymous_7)
FN:53,(anonymous_8)
FN:53,(anonymous_9)
FN:61,(anonymous_10)
FN:61,(anonymous_11)
FN:65,(anonymous_12)
FN:65,(anonymous_13)
FNF:14
FNH:7
FNDA:1,(anonymous_0)
FNDA:0,(anonymous_1)
FNDA:1,(anonymous_2)
FNDA:1,(anonymous_3)
FNDA:0,(anonymous_4)
FNDA:0,(anonymous_5)
FNDA:1,(anonymous_6)
FNDA:1,(anonymous_7)
FNDA:1,(anonymous_8)
FNDA:1,(anonymous_9)
FNDA:0,(anonymous_10)
FNDA:0,(anonymous_11)
FNDA:0,(anonymous_12)
FNDA:0,(anonymous_13)
DA:3,2
DA:13,2
DA:18,2
DA:23,2
DA:28,2
DA:33,2
DA:38,2
DA:43,2
DA:44,1
DA:45,1
DA:46,1
DA:47,1
DA:49,0
DA:53,2
DA:54,1
DA:55,1
DA:57,1
DA:61,2
DA:62,0
DA:65,2
DA:66,0
LF:21
LH:18
BRF:0
BRH:0
end_of_record
TN:
SF:src/constants/index.js
FNF:0
FNH:0
LF:0
LH:0
BRF:0
BRH:0
end_of_record
TN:
SF:src/constants/movies.js
FNF:0
FNH:0
DA:1,2
LF:1
LH:1
BRF:0
BRH:0
end_of_record
TN:
SF:src/constants/navigation.js
FNF:0
FNH:0
DA:1,2
LF:1
LH:1
BRF:0
BRH:0
end_of_record
TN:
SF:src/constants/status.js
FNF:0
FNH:0
DA:1,2
LF:1
LH:1
BRF:0
BRH:0
end_of_record
TN:
SF:src/controllers/DetailsController.js
FN:5,(anonymous_0)
FN:26,(anonymous_1)
FNF:2
FNH:1
FNDA:1,(anonymous_0)
FNDA:0,(anonymous_1)
DA:6,1
DA:16,1
DA:20,0
DA:26,0
DA:33,0
LF:5
LH:2
BRDA:26,0,0,0
BRDA:26,0,1,0
BRF:2
BRH:0
end_of_record
TN:
SF:src/controllers/FeaturedController.js
FN:5,(anonymous_0)
FN:22,(anonymous_1)
FN:27,(anonymous_2)
FNF:3
FNH:1
FNDA:1,(anonymous_0)
FNDA:0,(anonymous_1)
FNDA:0,(anonymous_2)
DA:6,1
DA:9,1
DA:13,0
DA:14,0
DA:16,0
DA:18,0
DA:23,0
DA:27,0
LF:8
LH:2
BRF:0
BRH:0
end_of_record
TN:
SF:src/controllers/HttpClient.js
FN:20,(anonymous_0)
FN:21,(anonymous_1)
FN:32,(anonymous_2)
FN:36,(anonymous_3)
FNF:4
FNH:0
FNDA:0,(anonymous_0)
FNDA:0,(anonymous_1)
FNDA:0,(anonymous_2)
FNDA:0,(anonymous_3)
DA:6,10
DA:8,10
DA:19,10
DA:20,0
DA:22,0
DA:23,0
DA:24,0
DA:25,0
DA:27,0
DA:32,10
DA:33,0
DA:36,10
DA:37,0
DA:40,10
LF:14
LH:6
BRDA:22,0,0,0
BRDA:22,0,1,0
BRDA:24,1,0,0
BRDA:24,1,1,0
BRF:4
BRH:0
end_of_record
TN:
SF:src/controllers/SearchController.js
FN:5,(anonymous_0)
FNF:1
FNH:1
FNDA:1,(anonymous_0)
DA:6,1
DA:11,1
DA:15,0
DA:17,0
LF:4
LH:2
BRF:0
BRH:0
end_of_record
TN:
SF:src/controllers/TrendingController.js
FN:5,(anonymous_0)
FNF:1
FNH:1
FNDA:1,(anonymous_0)
DA:6,1
DA:7,1
DA:11,0
DA:13,0
LF:4
LH:2
BRF:0
BRH:0
end_of_record
TN:
SF:src/controllers/UserController.js
FN:4,(anonymous_0)
FN:5,(anonymous_1)
FN:6,(anonymous_2)
FN:16,(anonymous_3)
FN:17,(anonymous_4)
FNF:5
FNH:5
FNDA:1,(anonymous_0)
FNDA:1,(anonymous_1)
FNDA:1,(anonymous_2)
FNDA:1,(anonymous_3)
FNDA:1,(anonymous_4)
DA:5,1
DA:6,1
DA:7,1
DA:8,1
DA:10,0
DA:17,1
DA:18,1
LF:7
LH:6
BRDA:7,0,0,1
BRDA:7,0,1,0
BRDA:7,1,0,1
BRDA:7,1,1,1
BRF:4
BRH:3
end_of_record
TN:
SF:src/controllers/index.js
FNF:0
FNH:0
LF:0
LH:0
BRF:0
BRH:0
end_of_record
TN:
SF:src/localization/Localization.js
FNF:0
FNH:0
DA:4,10
LF:1
LH:1
BRF:0
BRH:0
end_of_record
TN:
SF:src/localization/en.js
FNF:0
FNH:0
DA:1,10
LF:1
LH:1
BRF:0
BRH:0
end_of_record
TN:
SF:src/localization/index.js
FNF:0
FNH:0
LF:0
LH:0
BRF:0
BRH:0
end_of_record
TN:
SF:src/reducers/DetailsReducer.js
FN:14,(anonymous_0)
FNF:1
FNH:1
FNDA:5,(anonymous_0)
DA:3,1
DA:14,1
DA:15,5
DA:17,1
DA:29,1
DA:31,3
LF:6
LH:6
BRDA:14,0,0,0
BRDA:15,1,0,1
BRDA:15,1,1,1
BRDA:15,1,2,3
BRF:4
BRH:3
end_of_record
TN:
SF:src/reducers/FeaturedReducer.js
FN:10,(anonymous_0)
FNF:1
FNH:1
FNDA:4,(anonymous_0)
DA:3,1
DA:10,1
DA:11,4
DA:13,0
DA:21,1
DA:23,3
LF:6
LH:5
BRDA:10,0,0,0
BRDA:11,1,0,0
BRDA:11,1,1,1
BRDA:11,1,2,3
BRF:4
BRH:2
end_of_record
TN:
SF:src/reducers/SearchReducer.js
FN:9,(anonymous_0)
FNF:1
FNH:1
FNDA:5,(anonymous_0)
DA:3,1
DA:9,1
DA:10,5
DA:12,1
DA:19,0
DA:21,4
LF:6
LH:5
BRDA:9,0,0,0
BRDA:10,1,0,1
BRDA:10,1,1,0
BRDA:10,1,2,4
BRF:4
BRH:2
end_of_record
TN:
SF:src/reducers/TrendingReducer.js
FN:6,(anonymous_0)
FN:9,(anonymous_1)
FNF:2
FNH:2
FNDA:5,(anonymous_0)
FNDA:1,(anonymous_1)
DA:4,1
DA:6,1
DA:7,5
DA:9,1
DA:16,1
DA:18,3
LF:6
LH:6
BRDA:6,0,0,0
BRDA:7,1,0,1
BRDA:7,1,1,1
BRDA:7,1,2,3
BRDA:12,2,0,1
BRDA:12,2,1,0
BRF:6
BRH:4
end_of_record
TN:
SF:src/reducers/UserReducer.js
FN:6,(anonymous_0)
FN:11,(anonymous_1)
FN:28,(anonymous_2)
FNF:3
FNH:2
FNDA:7,(anonymous_0)
FNDA:0,(anonymous_1)
FNDA:1,(anonymous_2)
DA:4,1
DA:6,1
DA:7,7
DA:9,1
DA:11,1
DA:12,0
DA:14,1
DA:26,1
DA:28,1
DA:31,1
DA:33,3
LF:11
LH:10
BRDA:6,0,0,0
BRDA:7,1,0,1
BRDA:7,1,1,1
BRDA:7,1,2,1
BRDA:7,1,3,1
BRDA:7,1,4,3
BRDA:11,2,0,0
BRDA:11,2,1,1
BRF:8
BRH:6
end_of_record
